2026-05-28 17:14:23,442 INFO o.a.j.u.JMeterUtils: Setting Locale to en_EN
2026-05-28 17:14:23,486 INFO o.a.j.JMeter: Loading user properties from: /Users/tim/_software/apache-jmeter-5.1.1/bin/user.properties
2026-05-28 17:14:23,487 INFO o.a.j.JMeter: Loading system properties from: /Users/tim/_software/apache-jmeter-5.1.1/bin/system.properties
2026-05-28 17:14:23,489 INFO o.a.j.JMeter: Setting JMeter property: jmeter.laf=System
2026-05-28 17:14:23,502 INFO o.a.j.JMeter: Copyright (c) 1998-2019 The Apache Software Foundation
2026-05-28 17:14:23,502 INFO o.a.j.JMeter: Version 5.1.1 r1855137
2026-05-28 17:14:23,502 INFO o.a.j.JMeter: java.version=26.0.1
2026-05-28 17:14:23,502 INFO o.a.j.JMeter: java.vm.name=OpenJDK 64-Bit Server VM
2026-05-28 17:14:23,502 INFO o.a.j.JMeter: os.name=Mac OS X
2026-05-28 17:14:23,502 INFO o.a.j.JMeter: os.arch=x86_64
2026-05-28 17:14:23,503 INFO o.a.j.JMeter: os.version=15.7.4
2026-05-28 17:14:23,503 INFO o.a.j.JMeter: file.encoding=UTF-8
2026-05-28 17:14:23,503 INFO o.a.j.JMeter: java.awt.headless=null
2026-05-28 17:14:23,504 INFO o.a.j.JMeter: Max memory     =1073741824
2026-05-28 17:14:23,504 INFO o.a.j.JMeter: Available Processors =8
2026-05-28 17:14:23,536 INFO o.a.j.JMeter: Default Locale=English (EN)
2026-05-28 17:14:23,537 INFO o.a.j.JMeter: JMeter  Locale=English (EN)
2026-05-28 17:14:23,538 INFO o.a.j.JMeter: JMeterHome=/Users/tim/_software/apache-jmeter-5.1.1
2026-05-28 17:14:23,538 INFO o.a.j.JMeter: user.dir  =/Users/tim/_git/perf_jm_grpc_poc
2026-05-28 17:14:23,538 INFO o.a.j.JMeter: PWD       =/Users/tim/_git/perf_jm_grpc_poc
2026-05-28 17:14:23,554 INFO o.a.j.JMeter: IP: 192.168.0.19 Name: tims-MBP-2-2.gateway FullName: tims-mbp-2-2.gateway
2026-05-28 17:14:27,194 INFO o.a.j.g.a.LookAndFeelCommand: Installing Darcula LAF
2026-05-28 17:14:27,226 INFO o.a.j.g.a.LookAndFeelCommand: Using look and feel: com.apple.laf.AquaLookAndFeel [Darcula]
2026-05-28 17:14:27,227 INFO o.a.j.JMeter: Setting LAF to: com.apple.laf.AquaLookAndFeel
2026-05-28 17:14:27,241 INFO o.a.j.JMeter: Loaded icon properties from org/apache/jmeter/images/icon.properties
2026-05-28 17:14:34,126 INFO o.a.j.p.h.s.HTTPSamplerBase: Parser for text/html is org.apache.jmeter.protocol.http.parser.LagartoBasedHtmlParser
2026-05-28 17:14:34,128 INFO o.a.j.p.h.s.HTTPSamplerBase: Parser for application/xhtml+xml is org.apache.jmeter.protocol.http.parser.LagartoBasedHtmlParser
2026-05-28 17:14:34,128 INFO o.a.j.p.h.s.HTTPSamplerBase: Parser for application/xml is org.apache.jmeter.protocol.http.parser.LagartoBasedHtmlParser
2026-05-28 17:14:34,129 INFO o.a.j.p.h.s.HTTPSamplerBase: Parser for text/xml is org.apache.jmeter.protocol.http.parser.LagartoBasedHtmlParser
2026-05-28 17:14:34,129 INFO o.a.j.p.h.s.HTTPSamplerBase: Parser for text/vnd.wap.wml is org.apache.jmeter.protocol.http.parser.RegexpHTMLParser
2026-05-28 17:14:34,129 INFO o.a.j.p.h.s.HTTPSamplerBase: Parser for text/css is org.apache.jmeter.protocol.http.parser.CssParser
2026-05-28 17:14:35,725 INFO o.a.j.e.KeyToolUtils: keytool found at 'keytool'
2026-05-28 17:14:35,728 INFO o.a.j.p.h.p.ProxyControl: HTTP(S) Test Script Recorder SSL Proxy will use keys that support embedded 3rd party resources in file /Users/tim/_software/apache-jmeter-5.1.1/bin/proxyserver.jks
2026-05-28 17:14:36,279 INFO o.a.j.s.FileServer: Default base='/Users/tim/_git/perf_jm_grpc_poc'
2026-05-28 17:14:37,164 INFO o.a.j.s.SampleResult: Note: Sample TimeStamps are START times
2026-05-28 17:14:37,164 INFO o.a.j.s.SampleResult: sampleresult.default.encoding is set to ISO-8859-1
2026-05-28 17:14:37,165 INFO o.a.j.s.SampleResult: sampleresult.useNanoTime=true
2026-05-28 17:14:37,165 INFO o.a.j.s.SampleResult: sampleresult.nanoThreadSleep=5000
2026-05-28 17:14:37,241 INFO o.a.j.v.ViewResultsFullVisualizer: Add JavaFX to your Java installation if you want to use renderer: org.apache.jmeter.visualizers.RenderInBrowser
